=======Command line arguments=======
N_atoms: 125
n_timesteps: 10000
xyz_file_output_frequency: 100
thermo_output_frequency: 100
====================================
box length: 2.419e+01 Angstrom
density: 8.832e-03 molecules/Ang^3
i: 0 scounts[i]: 13 displs[i]: 0
i: 1 scounts[i]: 13 displs[i]: 13
i: 2 scounts[i]: 13 displs[i]: 26
i: 3 scounts[i]: 13 displs[i]: 39
i: 4 scounts[i]: 13 displs[i]: 52
i: 5 scounts[i]: 12 displs[i]: 65
i: 6 scounts[i]: 12 displs[i]: 77
i: 7 scounts[i]: 12 displs[i]: 89
i: 8 scounts[i]: 12 displs[i]: 101
i: 9 scounts[i]: 12 displs[i]: 113
Beginning simulation....
 Timestep     KE          PE        TotE        Temp   Pressure
      0   3.883e-01  -8.432e-01  -4.54916e-01  150.00  -7.240e-05
    100   2.896e-01  -7.435e-01  -4.53856e-01  111.87  -1.091e-05
    200   3.494e-01  -8.028e-01  -4.53380e-01  134.97  -1.046e-05
    300   3.721e-01  -8.254e-01  -4.53220e-01  143.76  -7.779e-06
    400   3.539e-01  -8.071e-01  -4.53213e-01  136.70  6.225e-06
    500   3.823e-01  -8.355e-01  -4.53210e-01  147.66  -3.641e-06
    600   3.821e-01  -8.353e-01  -4.53228e-01  147.59  5.758e-06
    700   3.993e-01  -8.526e-01  -4.53245e-01  154.25  -5.568e-06
    800   4.031e-01  -8.564e-01  -4.53292e-01  155.70  -5.517e-06
    900   4.016e-01  -8.548e-01  -4.53265e-01  155.12  -1.306e-06
   1000   3.850e-01  -8.383e-01  -4.53244e-01  148.74  1.770e-06
   1100   3.945e-01  -8.477e-01  -4.53188e-01  152.40  -6.241e-06
   1200   3.858e-01  -8.391e-01  -4.53242e-01  149.04  -8.727e-06
   1300   3.859e-01  -8.391e-01  -4.53224e-01  149.05  -2.942e-06
   1400   3.623e-01  -8.155e-01  -4.53251e-01  139.95  9.179e-06
   1500   3.887e-01  -8.420e-01  -4.53335e-01  150.15  -7.787e-07
   1600   3.748e-01  -8.280e-01  -4.53256e-01  144.76  2.928e-06
   1700   3.845e-01  -8.377e-01  -4.53205e-01  148.53  -7.502e-06
   1800   3.731e-01  -8.263e-01  -4.53219e-01  144.13  -2.235e-06
   1900   3.701e-01  -8.232e-01  -4.53144e-01  142.95  -7.033e-06
   2000   3.553e-01  -8.085e-01  -4.53172e-01  137.24  -6.643e-06
   2100   3.836e-01  -8.368e-01  -4.53229e-01  148.19  -1.172e-05
   2200   3.617e-01  -8.150e-01  -4.53238e-01  139.73  -1.914e-06
   2300   3.824e-01  -8.357e-01  -4.53273e-01  147.71  -1.041e-05
   2400   3.671e-01  -8.203e-01  -4.53243e-01  141.79  -2.970e-06
   2500   3.801e-01  -8.333e-01  -4.53210e-01  146.82  -3.331e-06
   2600   3.903e-01  -8.435e-01  -4.53183e-01  150.78  -7.896e-06
   2700   4.096e-01  -8.627e-01  -4.53175e-01  158.21  -1.837e-05
   2800   3.809e-01  -8.341e-01  -4.53207e-01  147.14  -5.792e-06
   2900   3.764e-01  -8.297e-01  -4.53240e-01  145.42  -4.369e-06
   3000   3.977e-01  -8.510e-01  -4.53252e-01  153.64  -1.133e-05
   3100   3.876e-01  -8.409e-01  -4.53228e-01  149.74  -1.366e-05
   3200   3.770e-01  -8.302e-01  -4.53184e-01  145.64  -6.838e-06
   3300   3.689e-01  -8.222e-01  -4.53247e-01  142.51  1.016e-06
   3400   3.720e-01  -8.252e-01  -4.53216e-01  143.68  -4.555e-07
   3500   4.018e-01  -8.550e-01  -4.53211e-01  155.22  -8.193e-06
   3600   3.952e-01  -8.484e-01  -4.53187e-01  152.66  -2.615e-06
   3700   4.038e-01  -8.570e-01  -4.53203e-01  155.99  -8.758e-06
   3800   3.857e-01  -8.389e-01  -4.53211e-01  148.99  8.585e-08
   3900   3.618e-01  -8.149e-01  -4.53193e-01  139.74  7.341e-06
   4000   3.769e-01  -8.301e-01  -4.53217e-01  145.60  -7.560e-06
   4100   3.906e-01  -8.439e-01  -4.53315e-01  150.87  -1.832e-05
   4200   3.812e-01  -8.344e-01  -4.53277e-01  147.23  -4.974e-06
   4300   3.843e-01  -8.375e-01  -4.53247e-01  148.43  -8.202e-06
   4400   3.566e-01  -8.098e-01  -4.53249e-01  137.74  3.019e-06
   4500   3.662e-01  -8.194e-01  -4.53253e-01  141.45  -2.389e-06
   4600   3.911e-01  -8.443e-01  -4.53267e-01  151.06  -7.653e-06
   4700   3.996e-01  -8.529e-01  -4.53232e-01  154.37  -3.406e-06
   4800   4.025e-01  -8.558e-01  -4.53213e-01  155.50  -3.511e-07
   4900   3.957e-01  -8.490e-01  -4.53295e-01  152.85  -7.270e-07
   5000   3.999e-01  -8.532e-01  -4.53312e-01  154.48  -1.468e-06
   5100   4.117e-01  -8.650e-01  -4.53331e-01  159.04  -4.603e-06
   5200   3.940e-01  -8.474e-01  -4.53325e-01  152.21  1.967e-06
   5300   4.173e-01  -8.706e-01  -4.53287e-01  161.20  -9.332e-06
   5400   3.804e-01  -8.337e-01  -4.53298e-01  146.94  9.383e-06
   5500   3.854e-01  -8.387e-01  -4.53295e-01  148.88  6.590e-06
   5600   3.815e-01  -8.348e-01  -4.53268e-01  147.36  -5.592e-07
   5700   3.911e-01  -8.444e-01  -4.53284e-01  151.09  -8.599e-06
   5800   3.724e-01  -8.257e-01  -4.53298e-01  143.86  -5.966e-07
   5900   3.962e-01  -8.496e-01  -4.53311e-01  153.06  -1.495e-05
   6000   3.638e-01  -8.171e-01  -4.53271e-01  140.53  9.745e-07
   6100   3.666e-01  -8.198e-01  -4.53265e-01  141.60  3.841e-06
   6200   3.838e-01  -8.371e-01  -4.53247e-01  148.27  -3.621e-06
   6300   3.971e-01  -8.504e-01  -4.53321e-01  153.39  -8.383e-06
   6400   3.681e-01  -8.214e-01  -4.53299e-01  142.19  6.179e-06
   6500   3.912e-01  -8.445e-01  -4.53312e-01  151.10  -7.705e-06
   6600   3.915e-01  -8.447e-01  -4.53227e-01  151.24  -8.849e-06
   6700   3.901e-01  -8.434e-01  -4.53258e-01  150.70  -6.832e-06
   6800   3.976e-01  -8.509e-01  -4.53253e-01  153.60  -1.257e-06
   6900   3.774e-01  -8.306e-01  -4.53282e-01  145.77  1.251e-05
   7000   3.984e-01  -8.516e-01  -4.53247e-01  153.89  3.646e-06
   7100   3.948e-01  -8.481e-01  -4.53249e-01  152.51  -3.103e-06
   7200   3.964e-01  -8.496e-01  -4.53256e-01  153.11  -3.442e-06
   7300   4.045e-01  -8.578e-01  -4.53238e-01  156.26  -5.675e-06
   7400   3.894e-01  -8.426e-01  -4.53256e-01  150.41  -4.929e-06
   7500   3.874e-01  -8.406e-01  -4.53213e-01  149.64  -5.381e-06
   7600   4.024e-01  -8.556e-01  -4.53200e-01  155.46  -1.004e-05
   7700   3.720e-01  -8.252e-01  -4.53267e-01  143.69  3.807e-06
   7800   4.015e-01  -8.548e-01  -4.53277e-01  155.09  -1.495e-05
   7900   3.744e-01  -8.277e-01  -4.53299e-01  144.64  -5.088e-06
   8000   3.802e-01  -8.335e-01  -4.53295e-01  146.87  -5.940e-06
   8100   3.711e-01  -8.243e-01  -4.53238e-01  143.35  5.234e-06
   8200   3.780e-01  -8.313e-01  -4.53287e-01  146.01  7.044e-06
   8300   3.967e-01  -8.500e-01  -4.53259e-01  153.24  -8.046e-06
   8400   3.872e-01  -8.404e-01  -4.53263e-01  149.57  -6.414e-06
   8500   4.055e-01  -8.588e-01  -4.53354e-01  156.63  -1.336e-05
   8600   4.060e-01  -8.592e-01  -4.53272e-01  156.82  -9.898e-06
   8700   3.834e-01  -8.367e-01  -4.53298e-01  148.12  3.056e-06
   8800   3.913e-01  -8.446e-01  -4.53330e-01  151.14  2.923e-06
   8900   3.851e-01  -8.383e-01  -4.53257e-01  148.76  7.763e-06
   9000   3.964e-01  -8.496e-01  -4.53238e-01  153.12  7.350e-06
   9100   4.075e-01  -8.607e-01  -4.53243e-01  157.41  -7.374e-06
   9200   3.799e-01  -8.332e-01  -4.53246e-01  146.76  -5.964e-06
   9300   4.020e-01  -8.552e-01  -4.53194e-01  155.28  -1.476e-05
   9400   3.958e-01  -8.490e-01  -4.53222e-01  152.89  -6.777e-06
   9500   3.925e-01  -8.457e-01  -4.53225e-01  151.62  -4.944e-06
   9600   3.811e-01  -8.343e-01  -4.53219e-01  147.22  -4.846e-06
   9700   3.716e-01  -8.248e-01  -4.53247e-01  143.54  -6.185e-06
   9800   3.456e-01  -7.988e-01  -4.53213e-01  133.51  4.388e-06
   9900   3.822e-01  -8.355e-01  -4.53236e-01  147.65  -1.579e-05
  10000   3.894e-01  -8.426e-01  -4.53233e-01  150.40  -1.814e-05
Simulation Complete!
Total simulation time:              1.129 secs
Force/energy time:                  0.622 secs (55.03%)
Position/velocity update time:      0.247 secs (21.89%)
Thermo/trajectory output time:      0.022 secs ( 1.95%)
